2025-05-23 16:25:32,319 - log_monitor - INFO - Starting log monitoring
2025-05-23 16:25:32,320 - log_monitor - INFO - Collected metrics for extract_loops.log
2025-05-23 16:25:32,320 - log_monitor - INFO - Collected metrics for loop_dashboard_stdout.log
2025-05-23 16:25:32,320 - log_monitor - INFO - Collected metrics for assistant_note_stderr.log
2025-05-23 16:25:32,320 - log_monitor - INFO - Collected metrics for generate_loop_dashboard_error.log
2025-05-23 16:25:32,321 - log_monitor - INFO - Collected metrics for launchd_stderr.log
2025-05-23 16:25:32,321 - log_monitor - INFO - Collected metrics for feedback_report_stdout.log
2025-05-23 16:25:32,322 - log_monitor - INFO - Collected metrics for feedback_to_loops_stderr.log
2025-05-23 16:25:32,322 - log_monitor - INFO - Collected metrics for cleanup_stderr.log
2025-05-23 16:25:32,322 - log_monitor - INFO - Collected metrics for loop_dashboard_stderr.log
2025-05-23 16:25:32,322 - log_monitor - INFO - Collected metrics for assistant_note_stdout.log
2025-05-23 16:25:32,322 - log_monitor - INFO - Collected metrics for cleanup_stdout.log
2025-05-23 16:25:32,322 - log_monitor - INFO - Collected metrics for feedback_to_loops_stdout.log
2025-05-23 16:25:32,323 - log_monitor - INFO - Collected metrics for generate_loop_dashboard.log
2025-05-23 16:25:32,323 - log_monitor - INFO - Collected metrics for feedback_report_stderr.log
2025-05-23 16:25:32,323 - log_monitor - INFO - Collected metrics for launchd_stdout.log
2025-05-23 16:27:41,039 - log_monitor - INFO - Starting log monitoring
2025-05-23 16:27:41,039 - log_monitor - INFO - Collected metrics for extract_loops.log
2025-05-23 16:27:41,039 - log_monitor - INFO - Collected metrics for loop_dashboard_stdout.log
2025-05-23 16:27:41,039 - log_monitor - INFO - Collected metrics for assistant_note_stderr.log
2025-05-23 16:27:41,040 - log_monitor - INFO - Collected metrics for generate_loop_dashboard_error.log
2025-05-23 16:27:41,040 - log_monitor - INFO - Collected metrics for launchd_stderr.log
2025-05-23 16:27:41,040 - log_monitor - INFO - Collected metrics for feedback_report_stdout.log
2025-05-23 16:27:41,040 - log_monitor - INFO - Collected metrics for feedback_to_loops_stderr.log
2025-05-23 16:27:41,040 - log_monitor - INFO - Collected metrics for cleanup_stderr.log
2025-05-23 16:27:41,040 - log_monitor - INFO - Collected metrics for loop_dashboard_stderr.log
2025-05-23 16:27:41,040 - log_monitor - INFO - Collected metrics for assistant_note_stdout.log
2025-05-23 16:27:41,040 - log_monitor - INFO - Collected metrics for cleanup_stdout.log
2025-05-23 16:27:41,040 - log_monitor - INFO - Collected metrics for feedback_to_loops_stdout.log
2025-05-23 16:27:41,041 - log_monitor - INFO - Collected metrics for generate_loop_dashboard.log
2025-05-23 16:27:41,041 - log_monitor - INFO - Collected metrics for feedback_report_stderr.log
2025-05-23 16:27:41,041 - log_monitor - INFO - Collected metrics for launchd_stdout.log
2025-05-23 16:28:47,933 - log_monitor - INFO - Starting log monitoring
2025-05-23 16:28:47,934 - log_monitor - INFO - Collected metrics for extract_loops.log
2025-05-23 16:28:47,934 - log_monitor - INFO - Collected metrics for loop_dashboard_stdout.log
2025-05-23 16:28:47,934 - log_monitor - INFO - Collected metrics for assistant_note_stderr.log
2025-05-23 16:28:47,934 - log_monitor - INFO - Collected metrics for monitor.log
2025-05-23 16:28:47,934 - log_monitor - INFO - Collected metrics for generate_loop_dashboard_error.log
2025-05-23 16:28:47,935 - log_monitor - INFO - Collected metrics for launchd_stderr.log
2025-05-23 16:28:47,936 - log_monitor - INFO - Collected metrics for feedback_report_stdout.log
2025-05-23 16:28:47,936 - log_monitor - INFO - Collected metrics for feedback_to_loops_stderr.log
2025-05-23 16:28:47,936 - log_monitor - INFO - Collected metrics for cleanup_stderr.log
2025-05-23 16:28:47,936 - log_monitor - INFO - Collected metrics for loop_dashboard_stderr.log
2025-05-23 16:28:47,936 - log_monitor - INFO - Collected metrics for assistant_note_stdout.log
2025-05-23 16:28:47,937 - log_monitor - INFO - Collected metrics for cleanup_stdout.log
2025-05-23 16:28:47,937 - log_monitor - INFO - Collected metrics for feedback_to_loops_stdout.log
2025-05-23 16:28:47,937 - log_monitor - INFO - Collected metrics for generate_loop_dashboard.log
2025-05-23 16:28:47,937 - log_monitor - INFO - Collected metrics for feedback_report_stderr.log
2025-05-23 16:28:47,938 - log_monitor - INFO - Collected metrics for launchd_stdout.log
2025-05-23 16:32:41,057 - log_monitor - INFO - Collected metrics for extract_loops.log
2025-05-23 16:32:41,057 - log_monitor - INFO - Collected metrics for loop_dashboard_stdout.log
2025-05-23 16:32:41,057 - log_monitor - INFO - Collected metrics for assistant_note_stderr.log
2025-05-23 16:32:41,058 - log_monitor - INFO - Collected metrics for generate_loop_dashboard_error.log
2025-05-23 16:32:41,059 - log_monitor - INFO - Collected metrics for launchd_stderr.log
2025-05-23 16:32:41,059 - log_monitor - INFO - Collected metrics for feedback_report_stdout.log
2025-05-23 16:32:41,060 - log_monitor - INFO - Collected metrics for feedback_to_loops_stderr.log
2025-05-23 16:32:41,060 - log_monitor - INFO - Collected metrics for cleanup_stderr.log
2025-05-23 16:32:41,060 - log_monitor - INFO - Collected metrics for loop_dashboard_stderr.log
2025-05-23 16:32:41,061 - log_monitor - INFO - Collected metrics for assistant_note_stdout.log
2025-05-23 16:32:41,061 - log_monitor - INFO - Collected metrics for cleanup_stdout.log
2025-05-23 16:32:41,061 - log_monitor - INFO - Collected metrics for feedback_to_loops_stdout.log
2025-05-23 16:32:41,062 - log_monitor - INFO - Collected metrics for generate_loop_dashboard.log
2025-05-23 16:32:41,062 - log_monitor - INFO - Collected metrics for feedback_report_stderr.log
2025-05-23 16:32:41,063 - log_monitor - INFO - Collected metrics for launchd_stdout.log
2025-05-23 16:33:15,976 - log_monitor - INFO - Starting log monitoring
2025-05-23 16:33:15,976 - log_monitor - INFO - Collected metrics for extract_loops.log
2025-05-23 16:33:15,976 - log_monitor - INFO - Collected metrics for loop_dashboard_stdout.log
2025-05-23 16:33:15,976 - log_monitor - INFO - Collected metrics for assistant_note_stderr.log
2025-05-23 16:33:15,976 - log_monitor - INFO - Collected metrics for monitor.log
2025-05-23 16:33:15,976 - log_monitor - INFO - Collected metrics for generate_loop_dashboard_error.log
2025-05-23 16:33:15,977 - log_monitor - INFO - Collected metrics for launchd_stderr.log
2025-05-23 16:33:15,977 - log_monitor - INFO - Collected metrics for feedback_report_stdout.log
2025-05-23 16:33:15,977 - log_monitor - INFO - Collected metrics for feedback_to_loops_stderr.log
2025-05-23 16:33:15,977 - log_monitor - INFO - Collected metrics for cleanup_stderr.log
2025-05-23 16:33:15,978 - log_monitor - INFO - Collected metrics for loop_dashboard_stderr.log
2025-05-23 16:33:15,978 - log_monitor - INFO - Collected metrics for assistant_note_stdout.log
2025-05-23 16:33:15,978 - log_monitor - INFO - Collected metrics for cleanup_stdout.log
2025-05-23 16:33:15,978 - log_monitor - INFO - Collected metrics for feedback_to_loops_stdout.log
2025-05-23 16:33:15,978 - log_monitor - INFO - Collected metrics for generate_loop_dashboard.log
2025-05-23 16:33:15,978 - log_monitor - INFO - Collected metrics for feedback_report_stderr.log
2025-05-23 16:33:15,979 - log_monitor - INFO - Collected metrics for launchd_stdout.log
2025-05-23 16:33:48,292 - log_monitor - INFO - Collected metrics for extract_loops.log
2025-05-23 16:33:48,293 - log_monitor - INFO - Collected metrics for loop_dashboard_stdout.log
2025-05-23 16:33:48,293 - log_monitor - INFO - Collected metrics for assistant_note_stderr.log
2025-05-23 16:33:48,294 - log_monitor - INFO - Collected metrics for monitor.log
2025-05-23 16:33:48,294 - log_monitor - INFO - Collected metrics for generate_loop_dashboard_error.log
2025-05-23 16:33:48,295 - log_monitor - INFO - Collected metrics for launchd_stderr.log
2025-05-23 16:33:48,295 - log_monitor - INFO - Collected metrics for feedback_report_stdout.log
2025-05-23 16:33:48,295 - log_monitor - INFO - Collected metrics for feedback_to_loops_stderr.log
2025-05-23 16:33:48,295 - log_monitor - INFO - Collected metrics for cleanup_stderr.log
2025-05-23 16:33:48,295 - log_monitor - INFO - Collected metrics for loop_dashboard_stderr.log
2025-05-23 16:33:48,296 - log_monitor - INFO - Collected metrics for assistant_note_stdout.log
2025-05-23 16:33:48,296 - log_monitor - INFO - Collected metrics for cleanup_stdout.log
2025-05-23 16:33:48,296 - log_monitor - INFO - Collected metrics for feedback_to_loops_stdout.log
2025-05-23 16:33:48,296 - log_monitor - INFO - Collected metrics for generate_loop_dashboard.log
2025-05-23 16:33:48,296 - log_monitor - INFO - Collected metrics for feedback_report_stderr.log
2025-05-23 16:33:48,296 - log_monitor - INFO - Collected metrics for launchd_stdout.log
2025-05-23 16:33:48,521 - log_monitor - WARNING - Alerts detected:
Rapid growth in monitor.log: 134.81%
2025-05-23 16:37:41,069 - log_monitor - INFO - Collected metrics for extract_loops.log
2025-05-23 16:37:41,070 - log_monitor - INFO - Collected metrics for loop_dashboard_stdout.log
2025-05-23 16:37:41,070 - log_monitor - INFO - Collected metrics for assistant_note_stderr.log
2025-05-23 16:37:41,070 - log_monitor - INFO - Collected metrics for generate_loop_dashboard_error.log
2025-05-23 16:37:41,071 - log_monitor - INFO - Collected metrics for launchd_stderr.log
2025-05-23 16:37:41,072 - log_monitor - INFO - Collected metrics for feedback_report_stdout.log
2025-05-23 16:37:41,072 - log_monitor - INFO - Collected metrics for feedback_to_loops_stderr.log
2025-05-23 16:37:41,073 - log_monitor - INFO - Collected metrics for cleanup_stderr.log
2025-05-23 16:37:41,073 - log_monitor - INFO - Collected metrics for loop_dashboard_stderr.log
2025-05-23 16:37:41,073 - log_monitor - INFO - Collected metrics for assistant_note_stdout.log
2025-05-23 16:37:41,074 - log_monitor - INFO - Collected metrics for cleanup_stdout.log
2025-05-23 16:37:41,074 - log_monitor - INFO - Collected metrics for feedback_to_loops_stdout.log
2025-05-23 16:37:41,074 - log_monitor - INFO - Collected metrics for generate_loop_dashboard.log
2025-05-23 16:37:41,074 - log_monitor - INFO - Collected metrics for feedback_report_stderr.log
2025-05-23 16:37:41,075 - log_monitor - INFO - Collected metrics for launchd_stdout.log
2025-05-23 16:38:17,105 - log_monitor - INFO - Collected metrics for extract_loops.log
2025-05-23 16:38:17,106 - log_monitor - INFO - Collected metrics for loop_dashboard_stdout.log
2025-05-23 16:38:17,106 - log_monitor - INFO - Collected metrics for assistant_note_stderr.log
2025-05-23 16:38:17,106 - log_monitor - INFO - Collected metrics for monitor.log
2025-05-23 16:38:17,106 - log_monitor - INFO - Collected metrics for generate_loop_dashboard_error.log
2025-05-23 16:38:17,107 - log_monitor - INFO - Collected metrics for launchd_stderr.log
2025-05-23 16:38:17,107 - log_monitor - INFO - Collected metrics for feedback_report_stdout.log
2025-05-23 16:38:17,107 - log_monitor - INFO - Collected metrics for feedback_to_loops_stderr.log
2025-05-23 16:38:17,107 - log_monitor - INFO - Collected metrics for cleanup_stderr.log
2025-05-23 16:38:17,108 - log_monitor - INFO - Collected metrics for loop_dashboard_stderr.log
2025-05-23 16:38:17,108 - log_monitor - INFO - Collected metrics for assistant_note_stdout.log
2025-05-23 16:38:17,108 - log_monitor - INFO - Collected metrics for cleanup_stdout.log
2025-05-23 16:38:17,108 - log_monitor - INFO - Collected metrics for feedback_to_loops_stdout.log
2025-05-23 16:38:17,108 - log_monitor - INFO - Collected metrics for generate_loop_dashboard.log
2025-05-23 16:38:17,108 - log_monitor - INFO - Collected metrics for feedback_report_stderr.log
2025-05-23 16:38:17,109 - log_monitor - INFO - Collected metrics for launchd_stdout.log
2025-05-23 16:38:17,912 - log_monitor - WARNING - Alerts detected:
Rapid growth in monitor.log (default): 71.56% > 50.00%
2025-05-23 16:38:48,524 - log_monitor - INFO - Collected metrics for extract_loops.log
2025-05-23 16:38:48,525 - log_monitor - INFO - Collected metrics for loop_dashboard_stdout.log
2025-05-23 16:38:48,525 - log_monitor - INFO - Collected metrics for assistant_note_stderr.log
2025-05-23 16:38:48,525 - log_monitor - INFO - Collected metrics for monitor.log
2025-05-23 16:38:48,525 - log_monitor - INFO - Collected metrics for generate_loop_dashboard_error.log
2025-05-23 16:38:48,526 - log_monitor - INFO - Collected metrics for launchd_stderr.log
2025-05-23 16:38:48,526 - log_monitor - INFO - Collected metrics for feedback_report_stdout.log
2025-05-23 16:38:48,527 - log_monitor - INFO - Collected metrics for feedback_to_loops_stderr.log
2025-05-23 16:38:48,527 - log_monitor - INFO - Collected metrics for cleanup_stderr.log
2025-05-23 16:38:48,527 - log_monitor - INFO - Collected metrics for loop_dashboard_stderr.log
2025-05-23 16:38:48,527 - log_monitor - INFO - Collected metrics for assistant_note_stdout.log
2025-05-23 16:38:48,527 - log_monitor - INFO - Collected metrics for cleanup_stdout.log
2025-05-23 16:38:48,527 - log_monitor - INFO - Collected metrics for feedback_to_loops_stdout.log
2025-05-23 16:38:48,528 - log_monitor - INFO - Collected metrics for generate_loop_dashboard.log
2025-05-23 16:38:48,528 - log_monitor - INFO - Collected metrics for feedback_report_stderr.log
2025-05-23 16:38:48,528 - log_monitor - INFO - Collected metrics for launchd_stdout.log
2025-05-23 16:38:48,746 - log_monitor - WARNING - Alerts detected:
Rapid growth in monitor.log: 59.41%
2025-05-23 16:42:41,082 - log_monitor - INFO - Collected metrics for extract_loops.log
2025-05-23 16:42:41,083 - log_monitor - INFO - Collected metrics for loop_dashboard_stdout.log
2025-05-23 16:42:41,083 - log_monitor - INFO - Collected metrics for assistant_note_stderr.log
2025-05-23 16:42:41,083 - log_monitor - INFO - Collected metrics for generate_loop_dashboard_error.log
2025-05-23 16:42:41,084 - log_monitor - INFO - Collected metrics for launchd_stderr.log
2025-05-23 16:42:41,084 - log_monitor - INFO - Collected metrics for feedback_report_stdout.log
2025-05-23 16:42:41,085 - log_monitor - INFO - Collected metrics for feedback_to_loops_stderr.log
2025-05-23 16:42:41,085 - log_monitor - INFO - Collected metrics for cleanup_stderr.log
2025-05-23 16:42:41,085 - log_monitor - INFO - Collected metrics for loop_dashboard_stderr.log
2025-05-23 16:42:41,085 - log_monitor - INFO - Collected metrics for assistant_note_stdout.log
2025-05-23 16:42:41,086 - log_monitor - INFO - Collected metrics for cleanup_stdout.log
2025-05-23 16:42:41,086 - log_monitor - INFO - Collected metrics for feedback_to_loops_stdout.log
2025-05-23 16:42:41,086 - log_monitor - INFO - Collected metrics for generate_loop_dashboard.log
2025-05-23 16:42:41,086 - log_monitor - INFO - Collected metrics for feedback_report_stderr.log
2025-05-23 16:42:41,087 - log_monitor - INFO - Collected metrics for launchd_stdout.log
2025-05-23 16:43:17,915 - log_monitor - INFO - Collected metrics for extract_loops.log
2025-05-23 16:43:17,916 - log_monitor - INFO - Collected metrics for loop_dashboard_stdout.log
2025-05-23 16:43:17,916 - log_monitor - INFO - Collected metrics for assistant_note_stderr.log
2025-05-23 16:43:17,916 - log_monitor - INFO - Collected metrics for monitor.log
2025-05-23 16:43:17,916 - log_monitor - INFO - Collected metrics for generate_loop_dashboard_error.log
2025-05-23 16:43:17,917 - log_monitor - INFO - Collected metrics for launchd_stderr.log
2025-05-23 16:43:17,917 - log_monitor - INFO - Collected metrics for feedback_report_stdout.log
2025-05-23 16:43:17,918 - log_monitor - INFO - Collected metrics for feedback_to_loops_stderr.log
2025-05-23 16:43:17,918 - log_monitor - INFO - Collected metrics for cleanup_stderr.log
2025-05-23 16:43:17,918 - log_monitor - INFO - Collected metrics for loop_dashboard_stderr.log
2025-05-23 16:43:17,919 - log_monitor - INFO - Collected metrics for assistant_note_stdout.log
2025-05-23 16:43:17,919 - log_monitor - INFO - Collected metrics for cleanup_stdout.log
2025-05-23 16:43:17,919 - log_monitor - INFO - Collected metrics for feedback_to_loops_stdout.log
2025-05-23 16:43:17,919 - log_monitor - INFO - Collected metrics for generate_loop_dashboard.log
2025-05-23 16:43:17,919 - log_monitor - INFO - Collected metrics for feedback_report_stderr.log
2025-05-23 16:43:17,920 - log_monitor - INFO - Collected metrics for launchd_stdout.log
2025-05-23 16:43:48,748 - log_monitor - INFO - Collected metrics for extract_loops.log
2025-05-23 16:43:48,750 - log_monitor - INFO - Collected metrics for loop_dashboard_stdout.log
2025-05-23 16:43:48,750 - log_monitor - INFO - Collected metrics for assistant_note_stderr.log
2025-05-23 16:43:48,751 - log_monitor - INFO - Collected metrics for monitor.log
2025-05-23 16:43:48,751 - log_monitor - INFO - Collected metrics for generate_loop_dashboard_error.log
2025-05-23 16:43:48,752 - log_monitor - INFO - Collected metrics for launchd_stderr.log
2025-05-23 16:43:48,753 - log_monitor - INFO - Collected metrics for feedback_report_stdout.log
2025-05-23 16:43:48,753 - log_monitor - INFO - Collected metrics for feedback_to_loops_stderr.log
2025-05-23 16:43:48,753 - log_monitor - INFO - Collected metrics for cleanup_stderr.log
2025-05-23 16:43:48,754 - log_monitor - INFO - Collected metrics for loop_dashboard_stderr.log
2025-05-23 16:43:48,754 - log_monitor - INFO - Collected metrics for assistant_note_stdout.log
2025-05-23 16:43:48,754 - log_monitor - INFO - Collected metrics for cleanup_stdout.log
2025-05-23 16:43:48,754 - log_monitor - INFO - Collected metrics for feedback_to_loops_stdout.log
2025-05-23 16:43:48,754 - log_monitor - INFO - Collected metrics for generate_loop_dashboard.log
2025-05-23 16:43:48,754 - log_monitor - INFO - Collected metrics for feedback_report_stderr.log
2025-05-23 16:43:48,755 - log_monitor - INFO - Collected metrics for launchd_stdout.log
2025-05-23 16:44:53,377 - log_monitor - INFO - Starting log monitoring
2025-05-23 16:44:53,377 - log_monitor - INFO - Collected metrics for extract_loops.log
2025-05-23 16:44:53,377 - log_monitor - INFO - Collected metrics for loop_dashboard_stdout.log
2025-05-23 16:44:53,377 - log_monitor - INFO - Collected metrics for assistant_note_stderr.log
2025-05-23 16:44:53,377 - log_monitor - INFO - Collected metrics for monitor.log
2025-05-23 16:44:53,377 - log_monitor - INFO - Collected metrics for generate_loop_dashboard_error.log
2025-05-23 16:44:53,377 - log_monitor - INFO - Collected metrics for launchd_stderr.log
2025-05-23 16:44:53,377 - log_monitor - INFO - Collected metrics for feedback_report_stdout.log
2025-05-23 16:44:53,377 - log_monitor - INFO - Collected metrics for feedback_to_loops_stderr.log
2025-05-23 16:44:53,377 - log_monitor - INFO - Collected metrics for cleanup_stderr.log
2025-05-23 16:44:53,378 - log_monitor - INFO - Collected metrics for loop_dashboard_stderr.log
2025-05-23 16:44:53,378 - log_monitor - INFO - Collected metrics for assistant_note_stdout.log
2025-05-23 16:44:53,378 - log_monitor - INFO - Collected metrics for cleanup_stdout.log
2025-05-23 16:44:53,378 - log_monitor - INFO - Collected metrics for feedback_to_loops_stdout.log
2025-05-23 16:44:53,378 - log_monitor - INFO - Collected metrics for generate_loop_dashboard.log
2025-05-23 16:44:53,378 - log_monitor - INFO - Collected metrics for feedback_report_stderr.log
2025-05-23 16:44:53,378 - log_monitor - INFO - Collected metrics for launchd_stdout.log
2025-05-23 16:46:48,280 - log_monitor - INFO - Starting log monitoring
2025-05-23 16:46:48,280 - log_monitor - INFO - Collected metrics for extract_loops.log
2025-05-23 16:46:48,281 - log_monitor - INFO - Collected metrics for loop_dashboard_stdout.log
2025-05-23 16:46:48,281 - log_monitor - INFO - Collected metrics for assistant_note_stderr.log
2025-05-23 16:46:48,281 - log_monitor - INFO - Collected metrics for monitor.log
2025-05-23 16:46:48,281 - log_monitor - INFO - Collected metrics for generate_loop_dashboard_error.log
2025-05-23 16:46:48,282 - log_monitor - INFO - Collected metrics for launchd_stderr.log
2025-05-23 16:46:48,282 - log_monitor - INFO - Collected metrics for feedback_report_stdout.log
2025-05-23 16:46:48,282 - log_monitor - INFO - Collected metrics for feedback_to_loops_stderr.log
2025-05-23 16:46:48,282 - log_monitor - INFO - Collected metrics for cleanup_stderr.log
2025-05-23 16:46:48,283 - log_monitor - INFO - Collected metrics for loop_dashboard_stderr.log
2025-05-23 16:46:48,283 - log_monitor - INFO - Collected metrics for assistant_note_stdout.log
2025-05-23 16:46:48,283 - log_monitor - INFO - Collected metrics for cleanup_stdout.log
2025-05-23 16:46:48,283 - log_monitor - INFO - Collected metrics for feedback_to_loops_stdout.log
2025-05-23 16:46:48,283 - log_monitor - INFO - Collected metrics for generate_loop_dashboard.log
2025-05-23 16:46:48,283 - log_monitor - INFO - Collected metrics for feedback_report_stderr.log
2025-05-23 16:46:48,284 - log_monitor - INFO - Collected metrics for launchd_stdout.log
2025-05-23 16:47:41,092 - log_monitor - INFO - Collected metrics for extract_loops.log
2025-05-23 16:47:41,093 - log_monitor - INFO - Collected metrics for loop_dashboard_stdout.log
2025-05-23 16:47:41,093 - log_monitor - INFO - Collected metrics for assistant_note_stderr.log
2025-05-23 16:47:41,093 - log_monitor - INFO - Collected metrics for generate_loop_dashboard_error.log
2025-05-23 16:47:41,093 - log_monitor - INFO - Collected metrics for launchd_stderr.log
2025-05-23 16:47:41,094 - log_monitor - INFO - Collected metrics for feedback_report_stdout.log
2025-05-23 16:47:41,094 - log_monitor - INFO - Collected metrics for feedback_to_loops_stderr.log
2025-05-23 16:47:41,094 - log_monitor - INFO - Collected metrics for cleanup_stderr.log
2025-05-23 16:47:41,094 - log_monitor - INFO - Collected metrics for loop_dashboard_stderr.log
2025-05-23 16:47:41,094 - log_monitor - INFO - Collected metrics for assistant_note_stdout.log
2025-05-23 16:47:41,094 - log_monitor - INFO - Collected metrics for cleanup_stdout.log
2025-05-23 16:47:41,094 - log_monitor - INFO - Collected metrics for feedback_to_loops_stdout.log
2025-05-23 16:47:41,095 - log_monitor - INFO - Collected metrics for generate_loop_dashboard.log
2025-05-23 16:47:41,095 - log_monitor - INFO - Collected metrics for feedback_report_stderr.log
2025-05-23 16:47:41,095 - log_monitor - INFO - Collected metrics for launchd_stdout.log
2025-05-23 16:48:18,711 - log_monitor - INFO - Collected metrics for extract_loops.log
2025-05-23 16:48:18,711 - log_monitor - INFO - Collected metrics for loop_dashboard_stdout.log
2025-05-23 16:48:18,712 - log_monitor - INFO - Collected metrics for assistant_note_stderr.log
2025-05-23 16:48:18,712 - log_monitor - INFO - Collected metrics for monitor.log
2025-05-23 16:48:18,712 - log_monitor - INFO - Collected metrics for generate_loop_dashboard_error.log
2025-05-23 16:48:18,713 - log_monitor - INFO - Collected metrics for launchd_stderr.log
2025-05-23 16:48:18,714 - log_monitor - INFO - Collected metrics for feedback_report_stdout.log
2025-05-23 16:48:18,714 - log_monitor - INFO - Collected metrics for feedback_to_loops_stderr.log
2025-05-23 16:48:18,714 - log_monitor - INFO - Collected metrics for cleanup_stderr.log
2025-05-23 16:48:18,714 - log_monitor - INFO - Collected metrics for loop_dashboard_stderr.log
2025-05-23 16:48:18,715 - log_monitor - INFO - Collected metrics for assistant_note_stdout.log
2025-05-23 16:48:18,715 - log_monitor - INFO - Collected metrics for cleanup_stdout.log
2025-05-23 16:48:18,715 - log_monitor - INFO - Collected metrics for feedback_to_loops_stdout.log
2025-05-23 16:48:18,716 - log_monitor - INFO - Collected metrics for generate_loop_dashboard.log
2025-05-23 16:48:18,716 - log_monitor - INFO - Collected metrics for feedback_report_stderr.log
2025-05-23 16:48:18,717 - log_monitor - INFO - Collected metrics for launchd_stdout.log
2025-05-23 16:48:32,533 - log_monitor - INFO - Starting log monitoring
2025-05-23 16:48:32,534 - log_monitor - INFO - Collected metrics for extract_loops.log
2025-05-23 16:48:32,534 - log_monitor - INFO - Collected metrics for loop_dashboard_stdout.log
2025-05-23 16:48:32,534 - log_monitor - INFO - Collected metrics for assistant_note_stderr.log
2025-05-23 16:48:32,534 - log_monitor - INFO - Collected metrics for monitor.log
2025-05-23 16:48:32,534 - log_monitor - INFO - Collected metrics for generate_loop_dashboard_error.log
2025-05-23 16:48:32,535 - log_monitor - INFO - Collected metrics for launchd_stderr.log
2025-05-23 16:48:32,535 - log_monitor - INFO - Collected metrics for feedback_report_stdout.log
2025-05-23 16:48:32,536 - log_monitor - INFO - Collected metrics for feedback_to_loops_stderr.log
2025-05-23 16:48:32,536 - log_monitor - INFO - Collected metrics for cleanup_stderr.log
2025-05-23 16:48:32,536 - log_monitor - INFO - Collected metrics for loop_dashboard_stderr.log
2025-05-23 16:48:32,536 - log_monitor - INFO - Collected metrics for assistant_note_stdout.log
2025-05-23 16:48:32,536 - log_monitor - INFO - Collected metrics for cleanup_stdout.log
2025-05-23 16:48:32,536 - log_monitor - INFO - Collected metrics for feedback_to_loops_stdout.log
2025-05-23 16:48:32,536 - log_monitor - INFO - Collected metrics for generate_loop_dashboard.log
2025-05-23 16:48:32,536 - log_monitor - INFO - Collected metrics for feedback_report_stderr.log
2025-05-23 16:48:32,537 - log_monitor - INFO - Collected metrics for launchd_stdout.log
2025-05-23 16:48:49,006 - log_monitor - INFO - Collected metrics for extract_loops.log
2025-05-23 16:48:49,007 - log_monitor - INFO - Collected metrics for loop_dashboard_stdout.log
2025-05-23 16:48:49,007 - log_monitor - INFO - Collected metrics for assistant_note_stderr.log
2025-05-23 16:48:49,007 - log_monitor - INFO - Collected metrics for monitor.log
2025-05-23 16:48:49,008 - log_monitor - INFO - Collected metrics for generate_loop_dashboard_error.log
2025-05-23 16:48:49,008 - log_monitor - INFO - Collected metrics for launchd_stderr.log
2025-05-23 16:48:49,008 - log_monitor - INFO - Collected metrics for feedback_report_stdout.log
2025-05-23 16:48:49,008 - log_monitor - INFO - Collected metrics for feedback_to_loops_stderr.log
2025-05-23 16:48:49,008 - log_monitor - INFO - Collected metrics for cleanup_stderr.log
2025-05-23 16:48:49,008 - log_monitor - INFO - Collected metrics for loop_dashboard_stderr.log
2025-05-23 16:48:49,009 - log_monitor - INFO - Collected metrics for assistant_note_stdout.log
2025-05-23 16:48:49,009 - log_monitor - INFO - Collected metrics for cleanup_stdout.log
2025-05-23 16:48:49,009 - log_monitor - INFO - Collected metrics for feedback_to_loops_stdout.log
2025-05-23 16:48:49,009 - log_monitor - INFO - Collected metrics for generate_loop_dashboard.log
2025-05-23 16:48:49,009 - log_monitor - INFO - Collected metrics for feedback_report_stderr.log
2025-05-23 16:48:49,009 - log_monitor - INFO - Collected metrics for launchd_stdout.log
2025-05-23 16:48:49,234 - log_monitor - WARNING - Alerts detected:
Rapid growth in monitor.log: 53.76%
2025-05-23 16:51:35,407 - log_monitor - INFO - Starting log monitoring
2025-05-23 16:51:35,407 - log_monitor - INFO - Collected metrics for extract_loops.log
2025-05-23 16:51:35,408 - log_monitor - INFO - Collected metrics for loop_dashboard_stdout.log
2025-05-23 16:51:35,408 - log_monitor - INFO - Collected metrics for assistant_note_stderr.log
2025-05-23 16:51:35,408 - log_monitor - INFO - Collected metrics for monitor.log
2025-05-23 16:51:35,408 - log_monitor - INFO - Collected metrics for generate_loop_dashboard_error.log
2025-05-23 16:51:35,409 - log_monitor - INFO - Collected metrics for launchd_stderr.log
2025-05-23 16:51:35,409 - log_monitor - INFO - Collected metrics for feedback_report_stdout.log
2025-05-23 16:51:35,410 - log_monitor - INFO - Collected metrics for feedback_to_loops_stderr.log
2025-05-23 16:51:35,410 - log_monitor - INFO - Collected metrics for cleanup_stderr.log
2025-05-23 16:51:35,410 - log_monitor - INFO - Collected metrics for loop_dashboard_stderr.log
2025-05-23 16:51:35,410 - log_monitor - INFO - Collected metrics for assistant_note_stdout.log
2025-05-23 16:51:35,410 - log_monitor - INFO - Collected metrics for cleanup_stdout.log
2025-05-23 16:51:35,410 - log_monitor - INFO - Collected metrics for feedback_to_loops_stdout.log
2025-05-23 16:51:35,411 - log_monitor - INFO - Collected metrics for generate_loop_dashboard.log
2025-05-23 16:51:35,411 - log_monitor - INFO - Collected metrics for feedback_report_stderr.log
2025-05-23 16:51:35,412 - log_monitor - INFO - Collected metrics for launchd_stdout.log
2025-05-23 16:51:35,525 - log_monitor - ERROR - Error generating visualizations: 'trend_analysis'
2025-05-23 16:51:35,525 - log_monitor - ERROR - Unexpected error in log monitor: 'alert_cooldown'
2025-05-23 16:52:06,548 - log_monitor - INFO - Starting log monitoring
2025-05-23 16:52:06,549 - log_monitor - INFO - Collected metrics for extract_loops.log
2025-05-23 16:52:06,549 - log_monitor - INFO - Collected metrics for loop_dashboard_stdout.log
2025-05-23 16:52:06,549 - log_monitor - INFO - Collected metrics for assistant_note_stderr.log
2025-05-23 16:52:06,550 - log_monitor - INFO - Collected metrics for monitor.log
2025-05-23 16:52:06,550 - log_monitor - INFO - Collected metrics for generate_loop_dashboard_error.log
2025-05-23 16:52:06,550 - log_monitor - INFO - Collected metrics for launchd_stderr.log
2025-05-23 16:52:06,551 - log_monitor - INFO - Collected metrics for feedback_report_stdout.log
2025-05-23 16:52:06,551 - log_monitor - INFO - Collected metrics for feedback_to_loops_stderr.log
2025-05-23 16:52:06,551 - log_monitor - INFO - Collected metrics for cleanup_stderr.log
2025-05-23 16:52:06,551 - log_monitor - INFO - Collected metrics for loop_dashboard_stderr.log
2025-05-23 16:52:06,551 - log_monitor - INFO - Collected metrics for assistant_note_stdout.log
2025-05-23 16:52:06,551 - log_monitor - INFO - Collected metrics for cleanup_stdout.log
2025-05-23 16:52:06,551 - log_monitor - INFO - Collected metrics for feedback_to_loops_stdout.log
2025-05-23 16:52:06,551 - log_monitor - INFO - Collected metrics for generate_loop_dashboard.log
2025-05-23 16:52:06,552 - log_monitor - INFO - Collected metrics for feedback_report_stderr.log
2025-05-23 16:52:06,552 - log_monitor - INFO - Collected metrics for launchd_stdout.log
2025-05-23 16:52:41,101 - log_monitor - INFO - Collected metrics for extract_loops.log
2025-05-23 16:52:41,101 - log_monitor - INFO - Collected metrics for loop_dashboard_stdout.log
2025-05-23 16:52:41,101 - log_monitor - INFO - Collected metrics for assistant_note_stderr.log
2025-05-23 16:52:41,102 - log_monitor - INFO - Collected metrics for generate_loop_dashboard_error.log
2025-05-23 16:52:41,103 - log_monitor - INFO - Collected metrics for launchd_stderr.log
2025-05-23 16:52:41,103 - log_monitor - INFO - Collected metrics for feedback_report_stdout.log
2025-05-23 16:52:41,104 - log_monitor - INFO - Collected metrics for feedback_to_loops_stderr.log
2025-05-23 16:52:41,104 - log_monitor - INFO - Collected metrics for cleanup_stderr.log
2025-05-23 16:52:41,104 - log_monitor - INFO - Collected metrics for loop_dashboard_stderr.log
2025-05-23 16:52:41,104 - log_monitor - INFO - Collected metrics for assistant_note_stdout.log
2025-05-23 16:52:41,105 - log_monitor - INFO - Collected metrics for cleanup_stdout.log
2025-05-23 16:52:41,105 - log_monitor - INFO - Collected metrics for feedback_to_loops_stdout.log
2025-05-23 16:52:41,105 - log_monitor - INFO - Collected metrics for generate_loop_dashboard.log
2025-05-23 16:52:41,105 - log_monitor - INFO - Collected metrics for feedback_report_stderr.log
2025-05-23 16:52:41,106 - log_monitor - INFO - Collected metrics for launchd_stdout.log
2025-05-23 16:53:19,490 - log_monitor - INFO - Collected metrics for extract_loops.log
2025-05-23 16:53:19,491 - log_monitor - INFO - Collected metrics for loop_dashboard_stdout.log
2025-05-23 16:53:19,491 - log_monitor - INFO - Collected metrics for assistant_note_stderr.log
2025-05-23 16:53:19,492 - log_monitor - INFO - Collected metrics for monitor.log
2025-05-23 16:53:19,492 - log_monitor - INFO - Collected metrics for generate_loop_dashboard_error.log
2025-05-23 16:53:19,492 - log_monitor - INFO - Collected metrics for launchd_stderr.log
2025-05-23 16:53:19,492 - log_monitor - INFO - Collected metrics for feedback_report_stdout.log
2025-05-23 16:53:19,493 - log_monitor - INFO - Collected metrics for feedback_to_loops_stderr.log
2025-05-23 16:53:19,493 - log_monitor - INFO - Collected metrics for cleanup_stderr.log
2025-05-23 16:53:19,493 - log_monitor - INFO - Collected metrics for loop_dashboard_stderr.log
2025-05-23 16:53:19,493 - log_monitor - INFO - Collected metrics for assistant_note_stdout.log
2025-05-23 16:53:19,493 - log_monitor - INFO - Collected metrics for cleanup_stdout.log
2025-05-23 16:53:19,493 - log_monitor - INFO - Collected metrics for feedback_to_loops_stdout.log
2025-05-23 16:53:19,494 - log_monitor - INFO - Collected metrics for generate_loop_dashboard.log
2025-05-23 16:53:19,494 - log_monitor - INFO - Collected metrics for feedback_report_stderr.log
2025-05-23 16:53:19,494 - log_monitor - INFO - Collected metrics for launchd_stdout.log
2025-05-23 16:53:49,237 - log_monitor - INFO - Collected metrics for extract_loops.log
2025-05-23 16:53:49,238 - log_monitor - INFO - Collected metrics for loop_dashboard_stdout.log
2025-05-23 16:53:49,238 - log_monitor - INFO - Collected metrics for assistant_note_stderr.log
2025-05-23 16:53:49,239 - log_monitor - INFO - Collected metrics for monitor.log
2025-05-23 16:53:49,239 - log_monitor - INFO - Collected metrics for generate_loop_dashboard_error.log
2025-05-23 16:53:49,239 - log_monitor - INFO - Collected metrics for launchd_stderr.log
2025-05-23 16:53:49,239 - log_monitor - INFO - Collected metrics for feedback_report_stdout.log
2025-05-23 16:53:49,240 - log_monitor - INFO - Collected metrics for feedback_to_loops_stderr.log
2025-05-23 16:53:49,240 - log_monitor - INFO - Collected metrics for cleanup_stderr.log
2025-05-23 16:53:49,240 - log_monitor - INFO - Collected metrics for loop_dashboard_stderr.log
2025-05-23 16:53:49,240 - log_monitor - INFO - Collected metrics for assistant_note_stdout.log
2025-05-23 16:53:49,240 - log_monitor - INFO - Collected metrics for cleanup_stdout.log
2025-05-23 16:53:49,240 - log_monitor - INFO - Collected metrics for feedback_to_loops_stdout.log
2025-05-23 16:53:49,240 - log_monitor - INFO - Collected metrics for generate_loop_dashboard.log
2025-05-23 16:53:49,241 - log_monitor - INFO - Collected metrics for feedback_report_stderr.log
2025-05-23 16:53:49,241 - log_monitor - INFO - Collected metrics for launchd_stdout.log
2025-05-23 16:57:41,111 - log_monitor - INFO - Collected metrics for extract_loops.log
2025-05-23 16:57:41,112 - log_monitor - INFO - Collected metrics for loop_dashboard_stdout.log
2025-05-23 16:57:41,112 - log_monitor - INFO - Collected metrics for assistant_note_stderr.log
2025-05-23 16:57:41,112 - log_monitor - INFO - Collected metrics for generate_loop_dashboard_error.log
2025-05-23 16:57:41,113 - log_monitor - INFO - Collected metrics for launchd_stderr.log
2025-05-23 16:57:41,113 - log_monitor - INFO - Collected metrics for feedback_report_stdout.log
2025-05-23 16:57:41,113 - log_monitor - INFO - Collected metrics for feedback_to_loops_stderr.log
2025-05-23 16:57:41,114 - log_monitor - INFO - Collected metrics for cleanup_stderr.log
2025-05-23 16:57:41,114 - log_monitor - INFO - Collected metrics for loop_dashboard_stderr.log
2025-05-23 16:57:41,114 - log_monitor - INFO - Collected metrics for assistant_note_stdout.log
2025-05-23 16:57:41,114 - log_monitor - INFO - Collected metrics for cleanup_stdout.log
2025-05-23 16:57:41,115 - log_monitor - INFO - Collected metrics for feedback_to_loops_stdout.log
2025-05-23 16:57:41,115 - log_monitor - INFO - Collected metrics for generate_loop_dashboard.log
2025-05-23 16:57:41,115 - log_monitor - INFO - Collected metrics for feedback_report_stderr.log
2025-05-23 16:57:41,116 - log_monitor - INFO - Collected metrics for launchd_stdout.log
2025-05-23 16:58:20,294 - log_monitor - INFO - Collected metrics for extract_loops.log
2025-05-23 16:58:20,294 - log_monitor - INFO - Collected metrics for loop_dashboard_stdout.log
2025-05-23 16:58:20,295 - log_monitor - INFO - Collected metrics for assistant_note_stderr.log
2025-05-23 16:58:20,295 - log_monitor - INFO - Collected metrics for monitor.log
2025-05-23 16:58:20,295 - log_monitor - INFO - Collected metrics for generate_loop_dashboard_error.log
2025-05-23 16:58:20,295 - log_monitor - INFO - Collected metrics for launchd_stderr.log
2025-05-23 16:58:20,295 - log_monitor - INFO - Collected metrics for feedback_report_stdout.log
2025-05-23 16:58:20,295 - log_monitor - INFO - Collected metrics for feedback_to_loops_stderr.log
2025-05-23 16:58:20,295 - log_monitor - INFO - Collected metrics for cleanup_stderr.log
2025-05-23 16:58:20,295 - log_monitor - INFO - Collected metrics for loop_dashboard_stderr.log
2025-05-23 16:58:20,296 - log_monitor - INFO - Collected metrics for assistant_note_stdout.log
2025-05-23 16:58:20,296 - log_monitor - INFO - Collected metrics for cleanup_stdout.log
2025-05-23 16:58:20,296 - log_monitor - INFO - Collected metrics for feedback_to_loops_stdout.log
2025-05-23 16:58:20,296 - log_monitor - INFO - Collected metrics for generate_loop_dashboard.log
2025-05-23 16:58:20,296 - log_monitor - INFO - Collected metrics for feedback_report_stderr.log
2025-05-23 16:58:20,296 - log_monitor - INFO - Collected metrics for launchd_stdout.log
2025-05-23 16:58:49,471 - log_monitor - INFO - Collected metrics for extract_loops.log
2025-05-23 16:58:49,471 - log_monitor - INFO - Collected metrics for loop_dashboard_stdout.log
2025-05-23 16:58:49,472 - log_monitor - INFO - Collected metrics for assistant_note_stderr.log
2025-05-23 16:58:49,472 - log_monitor - INFO - Collected metrics for monitor.log
2025-05-23 16:58:49,472 - log_monitor - INFO - Collected metrics for generate_loop_dashboard_error.log
2025-05-23 16:58:49,473 - log_monitor - INFO - Collected metrics for launchd_stderr.log
2025-05-23 16:58:49,473 - log_monitor - INFO - Collected metrics for feedback_report_stdout.log
2025-05-23 16:58:49,473 - log_monitor - INFO - Collected metrics for feedback_to_loops_stderr.log
2025-05-23 16:58:49,473 - log_monitor - INFO - Collected metrics for cleanup_stderr.log
2025-05-23 16:58:49,473 - log_monitor - INFO - Collected metrics for loop_dashboard_stderr.log
2025-05-23 16:58:49,473 - log_monitor - INFO - Collected metrics for assistant_note_stdout.log
2025-05-23 16:58:49,473 - log_monitor - INFO - Collected metrics for cleanup_stdout.log
2025-05-23 16:58:49,474 - log_monitor - INFO - Collected metrics for feedback_to_loops_stdout.log
2025-05-23 16:58:49,474 - log_monitor - INFO - Collected metrics for generate_loop_dashboard.log
2025-05-23 16:58:49,474 - log_monitor - INFO - Collected metrics for feedback_report_stderr.log
2025-05-23 16:58:49,474 - log_monitor - INFO - Collected metrics for launchd_stdout.log
2025-05-23 17:02:41,092 - log_monitor - INFO - Collected metrics for extract_loops.log
2025-05-23 17:02:41,092 - log_monitor - INFO - Collected metrics for loop_dashboard_stdout.log
2025-05-23 17:02:41,093 - log_monitor - INFO - Collected metrics for assistant_note_stderr.log
2025-05-23 17:02:41,093 - log_monitor - INFO - Collected metrics for generate_loop_dashboard_error.log
2025-05-23 17:02:41,094 - log_monitor - INFO - Collected metrics for launchd_stderr.log
2025-05-23 17:02:41,094 - log_monitor - INFO - Collected metrics for feedback_report_stdout.log
2025-05-23 17:02:41,094 - log_monitor - INFO - Collected metrics for feedback_to_loops_stderr.log
2025-05-23 17:02:41,095 - log_monitor - INFO - Collected metrics for cleanup_stderr.log
2025-05-23 17:02:41,095 - log_monitor - INFO - Collected metrics for loop_dashboard_stderr.log
2025-05-23 17:02:41,095 - log_monitor - INFO - Collected metrics for assistant_note_stdout.log
2025-05-23 17:02:41,096 - log_monitor - INFO - Collected metrics for cleanup_stdout.log
2025-05-23 17:02:41,096 - log_monitor - INFO - Collected metrics for feedback_to_loops_stdout.log
2025-05-23 17:02:41,096 - log_monitor - INFO - Collected metrics for generate_loop_dashboard.log
2025-05-23 17:02:41,096 - log_monitor - INFO - Collected metrics for feedback_report_stderr.log
2025-05-23 17:02:41,097 - log_monitor - INFO - Collected metrics for launchd_stdout.log
2025-05-23 17:03:21,107 - log_monitor - INFO - Collected metrics for extract_loops.log
2025-05-23 17:03:21,108 - log_monitor - INFO - Collected metrics for loop_dashboard_stdout.log
2025-05-23 17:03:21,108 - log_monitor - INFO - Collected metrics for assistant_note_stderr.log
2025-05-23 17:03:21,109 - log_monitor - INFO - Collected metrics for monitor.log
2025-05-23 17:03:21,109 - log_monitor - INFO - Collected metrics for generate_loop_dashboard_error.log
2025-05-23 17:03:21,110 - log_monitor - INFO - Collected metrics for launchd_stderr.log
2025-05-23 17:03:21,111 - log_monitor - INFO - Collected metrics for feedback_report_stdout.log
2025-05-23 17:03:21,112 - log_monitor - INFO - Collected metrics for feedback_to_loops_stderr.log
2025-05-23 17:03:21,112 - log_monitor - INFO - Collected metrics for cleanup_stderr.log
2025-05-23 17:03:21,113 - log_monitor - INFO - Collected metrics for loop_dashboard_stderr.log
2025-05-23 17:03:21,114 - log_monitor - INFO - Collected metrics for assistant_note_stdout.log
2025-05-23 17:03:21,114 - log_monitor - INFO - Collected metrics for cleanup_stdout.log
2025-05-23 17:03:21,115 - log_monitor - INFO - Collected metrics for feedback_to_loops_stdout.log
2025-05-23 17:03:21,115 - log_monitor - INFO - Collected metrics for generate_loop_dashboard.log
2025-05-23 17:03:21,115 - log_monitor - INFO - Collected metrics for feedback_report_stderr.log
2025-05-23 17:03:21,117 - log_monitor - INFO - Collected metrics for launchd_stdout.log
2025-05-23 17:03:49,679 - log_monitor - INFO - Collected metrics for extract_loops.log
2025-05-23 17:03:49,680 - log_monitor - INFO - Collected metrics for loop_dashboard_stdout.log
2025-05-23 17:03:49,680 - log_monitor - INFO - Collected metrics for assistant_note_stderr.log
2025-05-23 17:03:49,681 - log_monitor - INFO - Collected metrics for monitor.log
2025-05-23 17:03:49,681 - log_monitor - INFO - Collected metrics for generate_loop_dashboard_error.log
2025-05-23 17:03:49,681 - log_monitor - INFO - Collected metrics for launchd_stderr.log
2025-05-23 17:03:49,682 - log_monitor - INFO - Collected metrics for feedback_report_stdout.log
2025-05-23 17:03:49,682 - log_monitor - INFO - Collected metrics for feedback_to_loops_stderr.log
2025-05-23 17:03:49,682 - log_monitor - INFO - Collected metrics for cleanup_stderr.log
2025-05-23 17:03:49,682 - log_monitor - INFO - Collected metrics for loop_dashboard_stderr.log
2025-05-23 17:03:49,682 - log_monitor - INFO - Collected metrics for assistant_note_stdout.log
2025-05-23 17:03:49,682 - log_monitor - INFO - Collected metrics for cleanup_stdout.log
2025-05-23 17:03:49,682 - log_monitor - INFO - Collected metrics for feedback_to_loops_stdout.log
2025-05-23 17:03:49,683 - log_monitor - INFO - Collected metrics for generate_loop_dashboard.log
2025-05-23 17:03:49,683 - log_monitor - INFO - Collected metrics for feedback_report_stderr.log
2025-05-23 17:03:49,683 - log_monitor - INFO - Collected metrics for launchd_stdout.log
2025-05-23 17:06:02,974 - log_monitor - INFO - Starting log monitoring
2025-05-23 17:06:02,975 - log_monitor - INFO - Collected metrics for monitor.log
2025-05-23 17:06:25,049 - log_monitor - INFO - Starting log monitoring
2025-05-23 17:06:25,050 - log_monitor - INFO - Collected metrics for monitor.log
2025-05-23 17:07:17,570 - WARNING - Starting log monitoring with optimized settings
2025-05-23 17:07:17,570 - WARNING - Errors detected in monitor.log: 2
2025-05-23 17:07:41,102 - log_monitor - INFO - Collected metrics for extract_loops.log
2025-05-23 17:07:41,103 - log_monitor - INFO - Collected metrics for loop_dashboard_stdout.log
2025-05-23 17:07:41,103 - log_monitor - INFO - Collected metrics for assistant_note_stderr.log
2025-05-23 17:07:41,104 - log_monitor - INFO - Collected metrics for generate_loop_dashboard_error.log
2025-05-23 17:07:41,104 - log_monitor - INFO - Collected metrics for launchd_stderr.log
2025-05-23 17:07:41,104 - log_monitor - INFO - Collected metrics for feedback_report_stdout.log
2025-05-23 17:07:41,105 - log_monitor - INFO - Collected metrics for feedback_to_loops_stderr.log
2025-05-23 17:07:41,105 - log_monitor - INFO - Collected metrics for cleanup_stderr.log
2025-05-23 17:07:41,105 - log_monitor - INFO - Collected metrics for loop_dashboard_stderr.log
2025-05-23 17:07:41,105 - log_monitor - INFO - Collected metrics for assistant_note_stdout.log
2025-05-23 17:07:41,105 - log_monitor - INFO - Collected metrics for cleanup_stdout.log
2025-05-23 17:07:41,106 - log_monitor - INFO - Collected metrics for feedback_to_loops_stdout.log
2025-05-23 17:07:41,106 - log_monitor - INFO - Collected metrics for generate_loop_dashboard.log
2025-05-23 17:07:41,106 - log_monitor - INFO - Collected metrics for feedback_report_stderr.log
2025-05-23 17:07:41,106 - log_monitor - INFO - Collected metrics for launchd_stdout.log
2025-05-23 17:08:21,958 - log_monitor - INFO - Collected metrics for extract_loops.log
2025-05-23 17:08:21,960 - log_monitor - INFO - Collected metrics for loop_dashboard_stdout.log
2025-05-23 17:08:21,960 - log_monitor - INFO - Collected metrics for assistant_note_stderr.log
2025-05-23 17:08:21,961 - log_monitor - INFO - Collected metrics for monitor.log
2025-05-23 17:08:21,961 - log_monitor - INFO - Collected metrics for generate_loop_dashboard_error.log
2025-05-23 17:08:21,962 - log_monitor - INFO - Collected metrics for launchd_stderr.log
2025-05-23 17:08:21,963 - log_monitor - INFO - Collected metrics for feedback_report_stdout.log
2025-05-23 17:08:21,963 - log_monitor - INFO - Collected metrics for feedback_to_loops_stderr.log
2025-05-23 17:08:21,963 - log_monitor - INFO - Collected metrics for cleanup_stderr.log
2025-05-23 17:08:21,964 - log_monitor - INFO - Collected metrics for loop_dashboard_stderr.log
2025-05-23 17:08:21,964 - log_monitor - INFO - Collected metrics for assistant_note_stdout.log
2025-05-23 17:08:21,964 - log_monitor - INFO - Collected metrics for cleanup_stdout.log
2025-05-23 17:08:21,965 - log_monitor - INFO - Collected metrics for feedback_to_loops_stdout.log
2025-05-23 17:08:21,965 - log_monitor - INFO - Collected metrics for generate_loop_dashboard.log
2025-05-23 17:08:21,965 - log_monitor - INFO - Collected metrics for feedback_report_stderr.log
2025-05-23 17:08:21,966 - log_monitor - INFO - Collected metrics for launchd_stdout.log
2025-05-23 17:08:49,925 - log_monitor - INFO - Collected metrics for extract_loops.log
2025-05-23 17:08:49,925 - log_monitor - INFO - Collected metrics for loop_dashboard_stdout.log
2025-05-23 17:08:49,925 - log_monitor - INFO - Collected metrics for assistant_note_stderr.log
2025-05-23 17:08:49,925 - log_monitor - INFO - Collected metrics for monitor.log
2025-05-23 17:08:49,926 - log_monitor - INFO - Collected metrics for generate_loop_dashboard_error.log
2025-05-23 17:08:49,926 - log_monitor - INFO - Collected metrics for launchd_stderr.log
2025-05-23 17:08:49,927 - log_monitor - INFO - Collected metrics for feedback_report_stdout.log
2025-05-23 17:08:49,927 - log_monitor - INFO - Collected metrics for feedback_to_loops_stderr.log
2025-05-23 17:08:49,927 - log_monitor - INFO - Collected metrics for cleanup_stderr.log
2025-05-23 17:08:49,927 - log_monitor - INFO - Collected metrics for loop_dashboard_stderr.log
2025-05-23 17:08:49,927 - log_monitor - INFO - Collected metrics for assistant_note_stdout.log
2025-05-23 17:08:49,927 - log_monitor - INFO - Collected metrics for cleanup_stdout.log
2025-05-23 17:08:49,927 - log_monitor - INFO - Collected metrics for feedback_to_loops_stdout.log
2025-05-23 17:08:49,928 - log_monitor - INFO - Collected metrics for generate_loop_dashboard.log
2025-05-23 17:08:49,928 - log_monitor - INFO - Collected metrics for feedback_report_stderr.log
2025-05-23 17:08:49,928 - log_monitor - INFO - Collected metrics for launchd_stdout.log
2025-05-23 17:10:15,503 - WARNING - Starting log monitoring with optimized settings
2025-05-23 17:10:15,504 - WARNING - Errors detected in monitor.log: 2
